20201204_010304 | PPSA01280_00
20201105_160612 | PPSA01288_00
20201105_160655 | PPSA01289_00
20201105_160716 | PPSA01291_00
20201117_120512 | PPSA01325_00
20201203_193733 | PPSA01343_00
20201126_062435 | PPSA01418_00
20201126_042418 | PPSA01432_00
20201120_165959 | PPSA01462_00
20201202_140000 | PPSA01489_00
20201126_120000 | PPSA01504_00
20201203_072903 | PPSA01508_00
20201202_094553 | PPSA01735_00
20201204_140714 | PPSA01922_00
20201204_122651 | PPSA01948_00
20201201_150000 | PPSA02097_00
20201204_122826 | PPSA02190_00
20201126_223249 | PPSA02323_00
20201105_160738 | PPSA01292_00
20201201_145441 | PPSA01397_00
20201126_062445 | PPSA01419_00
20201201_170000 | PPSA02048_00
20201201_150000 | PPSA02095_00
20201201_155959 | PPSA02112_00
20201105_091757 | PPSA01363_00
20201126_223209 | PPSA01737_00
20201126_035959 | PPSA01327_00
20201105_091641 | PPSA01364_00
20201201_143202 | PPSA01396_00
20201126_062407 | PPSA01411_00
20201202_140000 | PPSA01487_00
20201126_115959 | PPSA01491_00
20201203_072752 | PPSA01507_00
20201116_092237 | PPSA01552_00
20201130_161716 | PPSA01617_00
20201202_094641 | PPSA01736_00
20201203_204427 | PPSA01825_00
20201204_122739 | PPSA01950_00
20201201_155959 | PPSA02110_00
20201207_060422 | PPSA01504_00
20201207_090000 | PPSA01411_00
20201207_090000 | PPSA01418_00
20201207_090000 | PPSA01419_00
20201207_135941 | PPSA01396_00
20201207_140015 | PPSA01397_00
20201126_040000 | PPSA01326_00
20201203_193755 | PPSA01344_00
20201201_155959 | PPSA01412_00
20201207_090100 | PPSA01461_00
20201120_170000 | PPSA01463_00
20201202_140000 | PPSA01488_00
20201207_060016 | PPSA01490_00
20201203_072643 | PPSA01506_00
20201116_092123 | PPSA01551_00
20201130_161823 | PPSA01619_00
20201203_204440 | PPSA01826_00
20201124_150000 | PPSA01861_00
20201124_145959 | PPSA01862_00
20201204_140728 | PPSA01923_00
20201126_223329 | PPSA01980_00
20201201_184550 | PPSA02049_00
20201025_003513 | PPSA02329_00 | ぷよぷよ™テトリス®２ たいけんばん
20201126_040012 | PPSA01430_00 | FIFA 21
20201208_080427 | PPSA01491_00 | Assassin's Creed® Valhalla
20201207_085959 | PPSA01417_00 | Marvel's Spider-Man: Miles Morales
20201203_005959 | PPSA01938_00 | Puyo Puyo™ Tetris® 2
20201203_005959 | PPSA01937_00 | Puyo Puyo™ Tetris® 2
20201208_150000 | PPSA01937_00 | Puyo Puyo™ Tetris® 2
20201208_150000 | PPSA01938_00 | Puyo Puyo™ Tetris® 2
20201208_160000 | PPSA02048_00 | Dead by Daylight
20201208_160000 | PPSA02049_00 | Dead by Daylight
20201208_160030 | PPSA02409_00 | Destiny 2
20201208_160004 | PPSA02411_00 | Destiny 2
20201209_031806 | PPSA01937_00 | Puyo Puyo™ Tetris® 2
20201209_031929 | PPSA01938_00 | Puyo Puyo™ Tetris® 2
20201208_160004 | PPSA02410_00 | Destiny 2
20201209_090000 | PPSA01411_00 | Marvel's Spider-Man: Miles Morales
20201209_085959 | PPSA01417_00 | Marvel's Spider-Man: Miles Morales
20201209_090000 | PPSA01418_00 | Marvel's Spider-Man: Miles Morales
20201209_085959 | PPSA01419_00 | Marvel's Spider-Man: Miles Morales
20201209_090000 | PPSA01461_00 | Marvel's Spider-Man: Miles Morales
